# JRE version: OpenJDK Runtime Environment (8.0_152-b01) (build 1.8.0_152-release-1343-b01)
# Java VM: OpenJDK 64-Bit Server VM (25.152-b01 mixed mode windows-amd64 compressed oops)
Heap:
 PSYoungGen      total 345600K, used 172909K [0x00000000e0000000, 0x00000000fb180000, 0x0000000100000000)
  eden space 302592K, 42% used [0x00000000e0000000,0x00000000e7edecc0,0x00000000f2780000)
  from space 43008K, 99% used [0x00000000f2780000,0x00000000f517c778,0x00000000f5180000)
  to   space 58368K, 0% used [0x00000000f7880000,0x00000000f7880000,0x00000000fb180000)
 ParOldGen       total 239616K, used 148352K [0x00000000a0000000, 0x00000000aea00000, 0x00000000e0000000)
  object space 239616K, 61% used [0x00000000a0000000,0x00000000a90e0278,0x00000000aea00000)
 Metaspace       used 123152K, capacity 128222K, committed 128296K, reserved 1161216K
  class space    used 15423K, capacity 16422K, committed 16424K, reserved 1048576K
GC Heap History (10 events):
Event: 592.367 GC heap before
{Heap before GC invocations=25 (full 4):
 PSYoungGen      total 288256K, used 260764K [0x00000000e0000000, 0x00000000f4980000, 0x0000000100000000)
  eden space 252416K, 99% used [0x00000000e0000000,0x00000000ef499d58,0x00000000ef680000)
  from space 35840K, 28% used [0x00000000f2680000,0x00000000f308d5b0,0x00000000f4980000)
  to   space 42496K, 0% used [0x00000000ef680000,0x00000000ef680000,0x00000000f2000000)
 ParOldGen       total 239616K, used 124396K [0x00000000a0000000, 0x00000000aea00000, 0x00000000e0000000)
  object space 239616K, 51% used [0x00000000a0000000,0x00000000a797b080,0x00000000aea00000)
 Metaspace       used 118372K, capacity 122706K, committed 122920K, reserved 1157120K
  class space    used 14925K, capacity 15815K, committed 15912K, reserved 1048576K
Event: 592.402 GC heap after
Heap after GC invocations=25 (full 4):
 PSYoungGen      total 294912K, used 36073K [0x00000000e0000000, 0x00000000f6f80000, 0x0000000100000000)
  eden space 252416K, 0% used [0x00000000e0000000,0x00000000e0000000,0x00000000ef680000)
  from space 42496K, 84% used [0x00000000ef680000,0x00000000f19ba7b8,0x00000000f2000000)
  to   space 47104K, 0% used [0x00000000f4180000,0x00000000f4180000,0x00000000f6f80000)
 ParOldGen       total 239616K, used 124404K [0x00000000a0000000, 0x00000000aea00000, 0x00000000e0000000)
  object space 239616K, 51% used [0x00000000a0000000,0x00000000a797d080,0x00000000aea00000)
 Metaspace       used 118372K, capacity 122706K, committed 122920K, reserved 1157120K
  class space    used 14925K, capacity 15815K, committed 15912K, reserved 1048576K
}
Event: 595.715 GC heap before
{Heap before GC invocations=26 (full 4):
 PSYoungGen      total 294912K, used 288489K [0x00000000e0000000, 0x00000000f6f80000, 0x0000000100000000)
  eden space 252416K, 100% used [0x00000000e0000000,0x00000000ef680000,0x00000000ef680000)
  from space 42496K, 84% used [0x00000000ef680000,0x00000000f19ba7b8,0x00000000f2000000)
  to   space 47104K, 0% used [0x00000000f4180000,0x00000000f4180000,0x00000000f6f80000)
 ParOldGen       total 239616K, used 124404K [0x00000000a0000000, 0x00000000aea00000, 0x00000000e0000000)
  object space 239616K, 51% used [0x00000000a0000000,0x00000000a797d080,0x00000000aea00000)
 Metaspace       used 118453K, capacity 122770K, committed 123176K, reserved 1157120K
  class space    used 14925K, capacity 15815K, committed 15912K, reserved 1048576K
Event: 595.744 GC heap after
Heap after GC invocations=26 (full 4):
 PSYoungGen      total 322048K, used 16397K [0x00000000e0000000, 0x00000000f6980000, 0x0000000100000000)
  eden space 281088K, 0% used [0x00000000e0000000,0x00000000e0000000,0x00000000f1280000)
  from space 40960K, 40% used [0x00000000f4180000,0x00000000f5183510,0x00000000f6980000)
  to   space 44544K, 0% used [0x00000000f1280000,0x00000000f1280000,0x00000000f3e00000)
 ParOldGen       total 239616K, used 124412K [0x00000000a0000000, 0x00000000aea00000, 0x00000000e0000000)
  object space 239616K, 51% used [0x00000000a0000000,0x00000000a797f080,0x00000000aea00000)
 Metaspace       used 118453K, capacity 122770K, committed 123176K, reserved 1157120K
  class space    used 14925K, capacity 15815K, committed 15912K, reserved 1048576K
}
Event: 634.899 GC heap before
{Heap before GC invocations=27 (full 4):
 PSYoungGen      total 322048K, used 297485K [0x00000000e0000000, 0x00000000f6980000, 0x0000000100000000)
  eden space 281088K, 100% used [0x00000000e0000000,0x00000000f1280000,0x00000000f1280000)
  from space 40960K, 40% used [0x00000000f4180000,0x00000000f5183510,0x00000000f6980000)
  to   space 44544K, 0% used [0x00000000f1280000,0x00000000f1280000,0x00000000f3e00000)
 ParOldGen       total 239616K, used 124412K [0x00000000a0000000, 0x00000000aea00000, 0x00000000e0000000)
  object space 239616K, 51% used [0x00000000a0000000,0x00000000a797f080,0x00000000aea00000)
 Metaspace       used 120540K, capacity 125254K, committed 125480K, reserved 1159168K
  class space    used 15167K, capacity 16116K, committed 16168K, reserved 1048576K
Event: 634.986 GC heap after
Heap after GC invocations=27 (full 4):
 PSYoungGen      total 325632K, used 16427K [0x00000000e0000000, 0x00000000f7f80000, 0x0000000100000000)
  eden space 281088K, 0% used [0x00000000e0000000,0x00000000e0000000,0x00000000f1280000)
  from space 44544K, 36% used [0x00000000f1280000,0x00000000f228ac90,0x00000000f3e00000)
  to   space 42496K, 0% used [0x00000000f5600000,0x00000000f5600000,0x00000000f7f80000)
 ParOldGen       total 239616K, used 124420K [0x00000000a0000000, 0x00000000aea00000, 0x00000000e0000000)
  object space 239616K, 51% used [0x00000000a0000000,0x00000000a7981080,0x00000000aea00000)
 Metaspace       used 120540K, capacity 125254K, committed 125480K, reserved 1159168K
  class space    used 15167K, capacity 16116K, committed 16168K, reserved 1048576K
}
Event: 1196.418 GC heap before
{Heap before GC invocations=28 (full 4):
 PSYoungGen      total 325632K, used 297515K [0x00000000e0000000, 0x00000000f7f80000, 0x0000000100000000)
  eden space 281088K, 100% used [0x00000000e0000000,0x00000000f1280000,0x00000000f1280000)
  from space 44544K, 36% used [0x00000000f1280000,0x00000000f228ac90,0x00000000f3e00000)
  to   space 42496K, 0% used [0x00000000f5600000,0x00000000f5600000,0x00000000f7f80000)
 ParOldGen       total 239616K, used 124420K [0x00000000a0000000, 0x00000000aea00000, 0x00000000e0000000)
  object space 239616K, 51% used [0x00000000a0000000,0x00000000a7981080,0x00000000aea00000)
 Metaspace       used 122808K, capacity 127844K, committed 128040K, reserved 1161216K
  class space    used 15398K, capacity 16409K, committed 16424K, reserved 1048576K
Event: 1196.466 GC heap after
Heap after GC invocations=28 (full 4):
 PSYoungGen      total 340992K, used 25602K [0x00000000e0000000, 0x00000000f7b80000, 0x0000000100000000)
  eden space 302592K, 0% used [0x00000000e0000000,0x00000000e0000000,0x00000000f2780000)
  from space 38400K, 66% used [0x00000000f5600000,0x00000000f6f00898,0x00000000f7b80000)
  to   space 43008K, 0% used [0x00000000f2780000,0x00000000f2780000,0x00000000f5180000)
 ParOldGen       total 239616K, used 124428K [0x00000000a0000000, 0x00000000aea00000, 0x00000000e0000000)
  object space 239616K, 51% used [0x00000000a0000000,0x00000000a7983080,0x00000000aea00000)
 Metaspace       used 122808K, capacity 127844K, committed 128040K, reserved 1161216K
  class space    used 15398K, capacity 16409K, committed 16424K, reserved 1048576K
}
Event: 1200.478 GC heap before
{Heap before GC invocations=29 (full 4):
 PSYoungGen      total 340992K, used 328194K [0x00000000e0000000, 0x00000000f7b80000, 0x0000000100000000)
  eden space 302592K, 100% used [0x00000000e0000000,0x00000000f2780000,0x00000000f2780000)
  from space 38400K, 66% used [0x00000000f5600000,0x00000000f6f00898,0x00000000f7b80000)
  to   space 43008K, 0% used [0x00000000f2780000,0x00000000f2780000,0x00000000f5180000)
 ParOldGen       total 239616K, used 124428K [0x00000000a0000000, 0x00000000aea00000, 0x00000000e0000000)
  object space 239616K, 51% used [0x00000000a0000000,0x00000000a7983080,0x00000000aea00000)
 Metaspace       used 123120K, capacity 128204K, committed 128296K, reserved 1161216K
  class space    used 15420K, capacity 16417K, committed 16424K, reserved 1048576K
Event: 1200.562 GC heap after
Heap after GC invocations=29 (full 4):
 PSYoungGen      total 345600K, used 42993K [0x00000000e0000000, 0x00000000fb180000, 0x0000000100000000)
  eden space 302592K, 0% used [0x00000000e0000000,0x00000000e0000000,0x00000000f2780000)
  from space 43008K, 99% used [0x00000000f2780000,0x00000000f517c778,0x00000000f5180000)
  to   space 58368K, 0% used [0x00000000f7880000,0x00000000f7880000,0x00000000fb180000)
 ParOldGen       total 239616K, used 148352K [0x00000000a0000000, 0x00000000aea00000, 0x00000000e0000000)
  object space 239616K, 61% used [0x00000000a0000000,0x00000000a90e0278,0x00000000aea00000)
 Metaspace       used 123120K, capacity 128204K, committed 128296K, reserved 1161216K
  class space    used 15420K, capacity 16417K, committed 16424K, reserved 1048576K
}

